<?xml version="1.0" encoding="utf-8"?><testsuites name="pytest tests"><testsuite name="pytest" errors="0" failures="1" skipped="0" tests="14" time="70.518" timestamp="2026-07-01T21:20:12.331254+00:00" hostname="agent-env-8b14701e-46a8-4a9d-ba77-8ed79e0ae83a"><testcase classname="tests.test_oto_ekspertiz.TestAuth" name="test_register_new_user" time="0.455"><failure message="AssertionError: assert ('access_token' in {'access_token': 'eyJhbGciOiJIUzI1NiIsInR5cCI6IkpXVCJ9.eyJzdWIiOiJlODkzYjQ4MS0zMDk4LTQwOWItYjAwNi1mNjA1NjEwYzc4MDYiLCJleHAiOjE3ODU1MzI4MTJ9.yeMTyiHtupYrfNqZLT7LOD_IXu3sQ0D_7ettrAhHVWE', 'token_type': 'bearer', 'user': {'id': 'e893b481-3098-409b-b006-f605610c7806', 'email': 'test_3c173ab3@oto.com', 'full_name': 'Reg Test'}} and 'test_3c173ab3@oto.com' == 'TEST_3c173ab3@oto.com'&#10;  &#10;  - TEST_3c173ab3@oto.com&#10;  ? ^^^^&#10;  + test_3c173ab3@oto.com&#10;  ? ^^^^)">tests/test_oto_ekspertiz.py:38: in test_register_new_user
    assert "access_token" in data and data["user"]["email"] == email
E   AssertionError: assert ('access_token' in {'access_token': 'eyJhbGciOiJIUzI1NiIsInR5cCI6IkpXVCJ9.eyJzdWIiOiJlODkzYjQ4MS0zMDk4LTQwOWItYjAwNi1mNjA1NjEwYzc4MDYiLCJleHAiOjE3ODU1MzI4MTJ9.yeMTyiHtupYrfNqZLT7LOD_IXu3sQ0D_7ettrAhHVWE', 'token_type': 'bearer', 'user': {'id': 'e893b481-3098-409b-b006-f605610c7806', 'email': 'test_3c173ab3@oto.com', 'full_name': 'Reg Test'}} and 'test_3c173ab3@oto.com' == 'TEST_3c173ab3@oto.com'
E     
E     - TEST_3c173ab3@oto.com
E     ? ^^^^
E     + test_3c173ab3@oto.com
E     ? ^^^^)</failure></testcase><testcase classname="tests.test_oto_ekspertiz.TestAuth" name="test_register_duplicate" time="0.148" /><testcase classname="tests.test_oto_ekspertiz.TestAuth" name="test_login_bad_password" time="0.369" /><testcase classname="tests.test_oto_ekspertiz.TestAuth" name="test_me_authenticated" time="0.530" /><testcase classname="tests.test_oto_ekspertiz.TestAuth" name="test_me_unauthenticated" time="0.135" /><testcase classname="tests.test_oto_ekspertiz.TestAnalyze" name="test_analyze_full_structure" time="36.851" /><testcase classname="tests.test_oto_ekspertiz.TestAnalyze" name="test_analyze_unauthorized" time="0.228" /><testcase classname="tests.test_oto_ekspertiz.TestHistoryReports" name="test_history_contains_analyzed" time="0.105" /><testcase classname="tests.test_oto_ekspertiz.TestHistoryReports" name="test_get_report_by_id" time="0.124" /><testcase classname="tests.test_oto_ekspertiz.TestHistoryReports" name="test_get_report_not_found" time="0.101" /><testcase classname="tests.test_oto_ekspertiz.TestFavorites" name="test_favorite_flow" time="0.615" /><testcase classname="tests.test_oto_ekspertiz.TestFavorites" name="test_favorite_nonexistent_report" time="0.119" /><testcase classname="tests.test_oto_ekspertiz.TestCompare" name="test_compare_two_reports" time="30.544" /><testcase classname="tests.test_oto_ekspertiz.TestCompare" name="test_compare_invalid" time="0.100" /></testsuite></testsuites>